<?xml version="1.0" encoding="UTF-8"?>
<testsuite name="com.apitt.api.flight_tracker.FlightTrackerApplicationTests" tests="1" skipped="0" failures="0" errors="0" timestamp="2024-09-09T16:41:59" hostname="ALLISONSLAPTOP" time="0.556">
  <properties/>
  <testcase name="contextLoads()" classname="com.apitt.api.flight_tracker.FlightTrackerApplicationTests" time="0.556"/>
  <system-out><![CDATA[11:41:56.388 [Test worker] INFO org.springframework.test.context.support.AnnotationConfigContextLoaderUtils -- Could not detect default configuration classes for test class [com.apitt.api.flight_tracker.FlightTrackerApplicationTests]: FlightTrackerApplicationTests does not declare any static, non-private, non-final, nested classes annotated with @Configuration.
11:41:56.458 [Test worker] INFO org.springframework.boot.test.context.SpringBootTestContextBootstrapper -- Found @SpringBootConfiguration com.apitt.api.flight_tracker.FlightTrackerApplication for test class com.apitt.api.flight_tracker.FlightTrackerApplicationTests

  .   ____          _            __ _ _
 /\\ / ___'_ __ _ _(_)_ __  __ _ \ \ \ \
( ( )\___ | '_ | '_| | '_ \/ _` | \ \ \ \
 \\/  ___)| |_)| | | | | || (_| |  ) ) ) )
  '  |____| .__|_| |_|_| |_\__, | / / / /
 =========|_|==============|___/=/_/_/_/

 :: Spring Boot ::                (v3.3.3)

2024-09-09T11:41:56.732-05:00  INFO 32144 --- [flight-tracker] [    Test worker] c.a.a.f.FlightTrackerApplicationTests    : Starting FlightTrackerApplicationTests using Java 21.0.4 with PID 32144 (started by 18478 in C:\Users\18478\Desktop\allison-dev\continuing-education\flight-tracker\flight-tracker)
2024-09-09T11:41:56.733-05:00  INFO 32144 --- [flight-tracker] [    Test worker] c.a.a.f.FlightTrackerApplicationTests    : No active profile set, falling back to 1 default profile: "default"
2024-09-09T11:41:59.105-05:00  INFO 32144 --- [flight-tracker] [    Test worker] c.a.a.f.FlightTrackerApplicationTests    : Started FlightTrackerApplicationTests in 2.526 seconds (process running for 3.373)
]]></system-out>
  <system-err><![CDATA[WARNING: A Java agent has been loaded dynamically (C:\Users\18478\.gradle\caches\modules-2\files-2.1\net.bytebuddy\byte-buddy-agent\1.14.19\154da3a65b4f4a909d3e5bdec55d1b2b4cbb6ce1\byte-buddy-agent-1.14.19.jar)
WARNING: If a serviceability tool is in use, please run with -XX:+EnableDynamicAgentLoading to hide this warning
WARNING: If a serviceability tool is not in use, please run with -Djdk.instrument.traceUsage for more information
WARNING: Dynamic loading of agents will be disallowed by default in a future release
]]></system-err>
</testsuite>
